<?xml version="1.0" encoding="UTF-8"?>

<jaxws-config xmlns="urn:jboss:jbossws-jaxws-config:5.0" xmlns:xsi="http://www.w3.org/2001/XMLSchema-instance" xmlns:jakartaee="https://jakarta.ee/xml/ns/jakartaee"
  xsi:schemaLocation="urn:jboss:jbossws-jaxws-config:5.0 schema/jbossws-jaxws-config_5_0.xsd">
  
  <endpoint-config>
    <config-name>Standard Endpoint</config-name>
    <pre-handler-chains>
      <jakartaee:handler-chain>
        <jakartaee:protocol-bindings>##SOAP11_HTTP</jakartaee:protocol-bindings>
        <jakartaee:handler>
          <jakartaee:handler-name>Recording Handler</jakartaee:handler-name>
          <jakartaee:handler-class>org.jboss.ws.common.invocation.RecordingServerHandler</jakartaee:handler-class>
        </jakartaee:handler>
      </jakartaee:handler-chain>
    </pre-handler-chains>
    <post-handler-chains>
      <jakartaee:handler-chain>
        <jakartaee:protocol-bindings>##SOAP11_HTTP</jakartaee:protocol-bindings>
        <jakartaee:handler>
          <jakartaee:handler-name>WSAddressing Handler</jakartaee:handler-name>
          <jakartaee:handler-class>org.jboss.ws.extensions.addressing.jaxws.WSAddressingServerHandler</jakartaee:handler-class>
        </jakartaee:handler>
        <jakartaee:handler>
          <jakartaee:handler-name>Recording Handler</jakartaee:handler-name>
          <jakartaee:handler-class>org.jboss.ws.common.invocation.RecordingServerHandler</jakartaee:handler-class>
        </jakartaee:handler>
      </jakartaee:handler-chain>
    </post-handler-chains>
    <property>
      <property-name>name1</property-name>
      <property-value>value1</property-value>
    </property>
    <property>
      <property-name>name2</property-name>
      <property-value>value2</property-value>
    </property>
  </endpoint-config>
  
  <endpoint-config>
    <config-name>.NET friendly Endpoint</config-name>
    <feature>
      <feature-name>http://org.jboss.ws/binding/wsdl/dotnet</feature-name>
      <feature-data>
        foo-bar
        <foo>foo</foo>
        <bar>bar</bar>
      </feature-data>
    </feature>
  </endpoint-config>
  
  <client-config>
    <config-name>Standard Client</config-name>
  </client-config>
  
</jaxws-config>
