<?xml version="1.0" encoding="UTF-8"?>

<handler-chains xmlns="http://java.sun.com/xml/ns/javaee"
	xmlns:xsi="http://www.w3.org/2001/XMLSchema-instance" xmlns:ns1="http://org.jboss.ws/jaxws/samples/logicalhandler"
	xsi:schemaLocation="http://java.sun.com/xml/ns/javaee javaee_web_services_1_2.xsd">

	<handler-chain>
	    <service-name-pattern xmlns:foo="http://ws.jboss.org/jbws2949">foo:EndpointService</service-name-pattern>
	    <port-name-pattern xmlns:foo="http://ws.jboss.org/jbws2949">foo:EndpointPort</port-name-pattern>
	    <protocol-bindings>##SOAP11_HTTP</protocol-bindings>
		<handler>
			<handler-name>SOAPServerHandler1</handler-name>
			<handler-class>org.jboss.test.ws.jaxws.jbws2949.SOAPHandler1</handler-class>
			<init-param> 
            	<param-name>foo</param-name> 
				<param-value>1</param-value> 
			</init-param> 
			<init-param> 
				<param-name>bar</param-name> 
				<param-value>2</param-value> 
			</init-param>
			<soap-role>MyRole</soap-role>
			<soap-header>ns1:firstHeader</soap-header>
			<soap-header>secondHeader</soap-header>
		</handler>
	</handler-chain>

	<handler-chain>
		<service-name-pattern>ns1:EndpointService2</service-name-pattern>
		<port-name-pattern xmlns:ns1="http://ws.jboss.org/jbws2949">ns1:EndpointPort2</port-name-pattern>
		<handler>
			<handler-name>SOAPServerHandler2</handler-name>
			<handler-class>org.jboss.test.ws.jaxws.jbws2949.SOAPHandler2</handler-class>
		</handler>
		<handler>
			<handler-name>SOAPServerHandler3</handler-name>
			<handler-class>org.jboss.test.ws.jaxws.jbws2949.SOAPHandler3</handler-class>
		</handler>
	</handler-chain>
</handler-chains>