<?xml version="1.0" encoding="UTF-8"?>
<webservices xmlns="http://java.sun.com/xml/ns/javaee"
             xmlns:xsi="http://www.w3.org/2001/XMLSchema-instance"
             xmlns:wsdl="http://Hello.org"
             xsi:schemaLocation="http://java.sun.com/xml/ns/javaee http://java.sun.com/xml/ns/javaee/javaee_web_services_1_3.xsd"
             version="1.3">
  <description>Test Description</description>
  <display-name>Dispaly Name</display-name>
  <icon>
    <small-icon>small icon</small-icon>
    <large-icon>largeIcon</large-icon>
  </icon>
  <webservice-description>
    <webservice-description-name>HelloService</webservice-description-name>
    <wsdl-file>META-INF/wsdl/HelloService.wsdl</wsdl-file>
    <port-component>
      <description>Test Description</description>
      <icon>
	 <large-icon>largeIcon</large-icon>
      </icon>
      <port-component-name>HelloBean</port-component-name>
      <wsdl-service>wsdl:HelloService</wsdl-service>
      <wsdl-port>wsdl:Hello</wsdl-port>
      <enable-mtom>true</enable-mtom>
      <mtom-threshold>500</mtom-threshold>
      <addressing>
	    <enabled>true</enabled>
	    <required>true</required>
        <responses>ANONYMOUS</responses>
      </addressing>
      <respect-binding>
      	<enabled>true</enabled>
      </respect-binding>
      <protocol-binding>##SOAP11_HTTP</protocol-binding>
      <service-endpoint-interface>org.jboss.test.ws.jaxws.jbws2999.Hello</service-endpoint-interface>
      <service-impl-bean>
        <ejb-link>jbws2999Test</ejb-link>
      </service-impl-bean>
      <handler-chains>
        <handler-chain>
          <handler>
            <handler-name>CustomHandler</handler-name>
            <handler-class>org.jboss.test.ws.jaxws.jbws2999.CustomHandler</handler-class>
          </handler>
        </handler-chain>
      </handler-chains>
    </port-component>
  </webservice-description>
  
  <webservice-description>
  	<webservice-description-name>SampleService</webservice-description-name>
  	<wsdl-file>WEB-INF/wsdl/SampleService.wsdl</wsdl-file>
  	<jaxrpc-mapping-file>WEB-INF/jaxrpc-mapping.xml</jaxrpc-mapping-file>
  	<port-component>
   		<port-component-name>TrivialServicePort</port-component-name>
   		<wsdl-port xmlns:portNS='http://org.jboss.ws/samples/docstyle/bare'>portNS:TrivialServicePort</wsdl-port>
   		<service-endpoint-interface>org.jboss.test.ws.jaxrpc.samples.docstyle.bare.TrivialService</service-endpoint-interface>
		<service-impl-bean>
    		<servlet-link>TrivialEndpoint</servlet-link>
   		</service-impl-bean>
  	</port-component>
  </webservice-description>
</webservices>
